<?xml version="1.0" encoding="UTF-8"?>
<testng-results ignored="0" total="1" passed="1" failed="0" skipped="0">
  <reporter-output>
    <line>
      <![CDATA[Execution in local system]]>
    </line>
    <line>
      <![CDATA[Browser is Firefox]]>
    </line>
    <line>
      <![CDATA[Home Page is displayed!]]>
    </line>
  </reporter-output>
  <suite started-at="2023-05-17T03:28:08 IST" name="Suite" finished-at="2023-05-17T03:28:29 IST" duration-ms="21392">
    <groups>
    </groups>
    <test started-at="2023-05-17T03:28:08 IST" name="Test" finished-at="2023-05-17T03:28:29 IST" duration-ms="21392">
      <class name="script.ValidLogin">
        <test-method is-config="true" signature="preCondition(java.lang.String,java.lang.String,java.lang.String)[pri:0, instance:script.ValidLogin@293a5bf6]" started-at="2023-05-17T03:28:08 IST" name="preCondition" finished-at="2023-05-17T03:28:22 IST" duration-ms="13773" status="PASS">
          <params>
            <param index="0">
              <value>
                <![CDATA[https://demo.actitime.com/login.do]]>
              </value>
            </param>
            <param index="1">
              <value>
                <![CDATA[no]]>
              </value>
            </param>
            <param index="2">
              <value>
                <![CDATA[firefox]]>
              </value>
            </param>
          </params>
          <reporter-output>
            <line>
              <![CDATA[Execution in local system]]>
            </line>
            <line>
              <![CDATA[Browser is Firefox]]>
            </line>
          </reporter-output>
        </test-method> <!-- preCondition -->
        <test-method signature="testValidLogin()[pri:1, instance:script.ValidLogin@293a5bf6]" started-at="2023-05-17T03:28:22 IST" name="testValidLogin" finished-at="2023-05-17T03:28:27 IST" duration-ms="5404" status="PASS">
          <reporter-output>
            <line>
              <![CDATA[Home Page is displayed!]]>
            </line>
          </reporter-output>
        </test-method> <!-- testValidLogin -->
        <test-method is-config="true" signature="postCondition()[pri:0, instance:script.ValidLogin@293a5bf6]" started-at="2023-05-17T03:28:27 IST" name="postCondition" finished-at="2023-05-17T03:28:29 IST" duration-ms="2135" status="PASS">
          <reporter-output>
          </reporter-output>
        </test-method> <!-- postCondition -->
      </class> <!-- script.ValidLogin -->
    </test> <!-- Test -->
  </suite> <!-- Suite -->
</testng-results>
