<?xml version="1.0" encoding="UTF-8"?>
<testng-results ignored="0" total="1" passed="1" failed="0" skipped="0">
  <reporter-output>
    <line>
      <![CDATA[Execution in local system]]>
    </line>
    <line>
      <![CDATA[Browser is Chrome]]>
    </line>
    <line>
      <![CDATA[Home Page is displayed!]]>
    </line>
  </reporter-output>
  <suite started-at="2023-05-17T03:14:11 IST" name="Default suite" finished-at="2023-05-17T03:14:25 IST" duration-ms="14059">
    <groups>
    </groups>
    <test started-at="2023-05-17T03:14:11 IST" name="Default test" finished-at="2023-05-17T03:14:25 IST" duration-ms="14059">
      <class name="script.ValidLogin">
        <test-method is-config="true" signature="preCondition(java.lang.String,java.lang.String,java.lang.String)[pri:0, instance:script.ValidLogin@36902638]" started-at="2023-05-17T03:14:11 IST" name="preCondition" finished-at="2023-05-17T03:14:20 IST" duration-ms="9061" status="PASS">
          <params>
            <param index="0">
              <value>
                <![CDATA[https://demo.actitime.com/login.do]]>
              </value>
            </param>
            <param index="1">
              <value>
                <![CDATA[no]]>
              </value>
            </param>
            <param index="2">
              <value>
                <![CDATA[Chrome]]>
              </value>
            </param>
          </params>
          <reporter-output>
            <line>
              <![CDATA[Execution in local system]]>
            </line>
            <line>
              <![CDATA[Browser is Chrome]]>
            </line>
          </reporter-output>
        </test-method> <!-- preCondition -->
        <test-method signature="testValidLogin()[pri:1, instance:script.ValidLogin@36902638]" started-at="2023-05-17T03:14:20 IST" name="testValidLogin" finished-at="2023-05-17T03:14:25 IST" duration-ms="4625" status="PASS">
          <reporter-output>
            <line>
              <![CDATA[Home Page is displayed!]]>
            </line>
          </reporter-output>
        </test-method> <!-- testValidLogin -->
        <test-method is-config="true" signature="postCondition()[pri:0, instance:script.ValidLogin@36902638]" started-at="2023-05-17T03:14:25 IST" name="postCondition" finished-at="2023-05-17T03:14:25 IST" duration-ms="309" status="PASS">
          <reporter-output>
          </reporter-output>
        </test-method> <!-- postCondition -->
      </class> <!-- script.ValidLogin -->
    </test> <!-- Default test -->
  </suite> <!-- Default suite -->
</testng-results>
